7464157911310940990
31502
31508
31515
31516
31517
31518
31519
31522
31523
31525
31529
31531
31532
31533
31534
31536
31537
31538
31542
31543
31545
31546
31547
31548
31550
31552
31553
31555
31556
31559
31560
31561
31562
31563
31564
31565
31569
31570
31573
31574
31575
31576
31577
31578
31579
31580
31581
31582
31583
31584
31585
31586
31587
31588
31589
31590
31592
31594
31596
31598
31599
31601
31602
31603
31604
31606
31607
31608
31609
31610
31611
31614
31615
31616
31618
31619
31620
31637
31638
31639
31640
31642
31643
31644
31647
31648
31649
31650
31652
31717
31718
31721
31722
31723
31724
31791
31794
31795
31796
31798
31804
31805
31806
31807
31808
31810
31811
31812
31813
31814
31815
31816
31818
31822
31824
31825
31826
31827
31828
31829
31830
31831
31832
31833
31834
31835
31836
31838
31840
31841
31842
31843
31844
31845
31846
31847
31848
31849
31850
31851
31852
31853
31856
31857
31858
31859
31861
31862
31866
31867
31868
31870
31877
31879
31880
31881
31882
31884
31885
31886
31889
31892
31893
31894
31896
31897
31900
31902
31903
31904
31907
31910
31912
31913
31915
31916
31917
31918
31919
31922
31924
31925
31926
31927
31928
31930
31931
31932
31933
31934
31935
31936
31937
31938
31939
31940
31941
31942
31943
31944
31945
31947
31948
31949
31950
31952
31953
31955
31956
31957
31958
31959
31960
31961
31962
31963
31964
31966
31967
31968
31969
31973
31976
31977
31978
31979
31980
31981
31982
31983
31984
31985
31986
31987
31988
31990
31991
31992
31993
31994
31996
31997
31998
31999
32000
32001
32002
32003
32004
32005
32006
32007
32008
32010
32011
32012
32013
32014
32015
32016
32017
32018
32019
32020
32021
32024
32025
32026
32027
32028
32029
32030
32031
32032
32033
32034
32036
32038
32039
32040
32041
32044
32045
32047
32048
32049
32050
32052
32054
32055
32057
32058
32059
32060
32061
32062
32063
32064
32065
32067
32068
32072
32073
32074
32075
32078
32079
32080
32081
32082
32084
32085
32089
32103
32104
32105
32106
32109
32110
32112
32117
32118
32121
32123
32124
32125
32126
32127
32128
32129
32130
32131
32132
32134
32144
32145
32146
32147
32148
32149
32150
32151
32152
32153
32154
32155
32156
32157
32158
32161
32162
32163
32164
32166
32167
32168
32169
32170
32171
32172
32173
32174
32175
32176
32177
32178
32179
32180
32181
32182
32183
32184
32185
32186
32187
32188
32189
32190
32191
32192
32193
32194
32196
32197
32198
32199
32200
32203
32204
32206
32208
32209
32210
32211
32212
32213
32215
32216
32219
32220
32221
32222
32223
32224
32225
32226
32227
32228
32229
32230
32231
32232
32233
32234
32235
32236
32237
32238
32240
32241
32244
32245
32246
32247
32248
32252
32254
32256
32258
32259
32260
32261
32262
32263
32266
32267
32268
32269
32270
32271
32274
32275
32276
32277
32278
32280
32281
32282
32283
32284
32285
32286
32288
32289
32290
32291
32292
32294
32295
32297
32298
32299
32300
32302
32304
32305
32307
32308
32309
32310
32311
32312
32313
32314
32315
32317
32322
32323
32324
32325
32327
32328
32329
32330
32331
32334
32335
32339
32353
32354
32355
32356
32359
32360
32362
32367
32368
32371
32372
32373
32374
32376
32377
32378
32379
32380
32386
32387
32388
32390
32392
32394
32395
32396
32397
32398
32399
32400
32401
32402
32403
32404
32405
32406
32407
32408
32411
32412
32413
32414
32415
32416
32417
32419
32421
32422
32423
32424
32427
32428
32429
32430
32431
32432
32433
32435
32436
32437
32439
32440
32441
32442
32444
32445
32446
32447
32448
32449
32450
32451
32452
32454
32456
32458
32459
32460
32461
32463
32464
32465
32466
32467
32468
32469
32470
32471
32472
32473
32476
32477
32478
32479
32480
32481
32482
32483
32485
32489
32490
32491
32492
32493
32494
32495
32496
32497
32498
32499
32500
32501
32502
32503
32504
32505
32507
32508
32512
32513
32514
32515
32516
32517
32518
32519
32520
32522
32525
32526
32527
32528
32529
32530
32531
32532
32533
32534
32535
32537
32538
32540
32542
32543
32544
32545
32546
32547
32548
32549
32550
32551
32552
32553
32563
32572
32574
32576
32577
32578
32580
32581
32582
32583
32584
32585
32587
32588
32589
32590
32591
32592
32593
32594
32595
32598
32603
32612
32614
32616
32618
32619
32620
32621
32623
32624
32626
32627
32631
32634
32635
32636
32638
32639
32640
32642
32643
32645
32647
32648
32649
32650
32651
32652
32654
32655
32657
32658
32659
32660
32661
32664
32666
32667
32668
32669
32670
32671
32672
32673
32674
32676
32677
32680
32681
32683
32685
32686
32687
32688
32692
32695
32696
32698
32699
32704
32706
32707
32708
32710
32712
32713
32714
32716
32717
32718
32719
32720
32721
32722
32723
32724
32725
32726
32727
32728
32729
32730
32731
32732
32733
32734
32735
32736
32737
32738
32739
32740
32741
32742
32743
32744
32745
32746
32747
32748
32749
32750
32751
32752
32754
32755
32756
32757
32758
32759
32760
32761
32762
32763
32764
